<?xml version="1.0" encoding="UTF-8"?>
<!-- Generated by org.testng.reporters.JUnitReportReporter -->
<testsuite hostname="Profiler-VAIO" name="com.mycompany.app.pages.GoogleSearch" tests="1" failures="0" timestamp="17 Oct 2014 14:16:31 GMT" time="3.369" errors="0">
  <testcase name="testGoogleSearch" time="3.369" classname="com.mycompany.app.pages.GoogleSearch"/>
</testsuite> <!-- com.mycompany.app.pages.GoogleSearch -->
